Splitting into protein and non-protein residues...
Splitting non-protein residues by residue names...
3 resname(s) found: SOD, CLA, EJ4
Checking non-protein residues naming consistency...
Found 1 SOD molecule(s).
Found 1 CLA molecule(s).
Found 1 EJ4 molecule(s).

Checking non-protein residues topology...

Loading mol #1, mol ID 5016.
Loading molecule...
Assigning chirality from struture...
Finished loading molecule.

------------------------------

Checking mol #1 resname SOD, mol ID 5016.
WARNING: Cannot assign bond orders from molecule file template. Checking only non-hydrogen connectivity.
Stoichiometric formula check (without charge): FAIL: Molecules have different Stoichiometric formulas Na N.
Generating Fixed H InChI for molecule file ... 

Generating Standard InChI for molecule file ... 

Generating Fixed H InChI for PDB molecule ... 

Generating Standard InChI for PDB molecule ... 

Main chain InChI check: OK

##############################

Loading mol #2, mol ID 5017.
Loading molecule...
Assigning chirality from struture...
Finished loading molecule.

------------------------------

Checking mol #2 resname CLA, mol ID 5017.
WARNING: Cannot assign bond orders from molecule file template. Checking only non-hydrogen connectivity.
Stoichiometric formula check (without charge): FAIL: Molecules have different Stoichiometric formulas Cl C.
Generating Fixed H InChI for molecule file ... 
Proton(s) added/removed
Generating Standard InChI for molecule file ... 
Proton(s) added/removed
Generating Fixed H InChI for PDB molecule ... 

Generating Standard InChI for PDB molecule ... 

Main chain InChI check: OK

##############################

Loading mol #5, mol ID 5020.
Loading molecule...
Assigning chirality from struture...
Finished loading molecule.

------------------------------

Checking mol #5 resname EJ4, mol ID 5020.
Stoichiometric formula check (without charge): OK
Generating Fixed H InChI for molecule file ... 

Generating Standard InChI for molecule file ... 

Generating Fixed H InChI for PDB molecule ... 

Generating Standard InChI for PDB molecule ... 

Main chain InChI check: OK
Standard InChI check: OK
Fixed H InChI check: OK
OK

##############################


END

